2020-12-19 13:13:29.0195||DEBUG||程序启动 |ContentRootPath:E:\源码\YiShaAdmin\YiShaAdmin\YiSha.Web\YiSha.Admin.Web |WebRootPath:E:\源码\YiShaAdmin\YiShaAdmin\YiSha.Web\YiSha.Admin.Web\wwwroot |IsDevelopment:True |url: |action: 
2020-12-19 13:13:38.1779||ERROR||Unable to cast object of type 'System.String' to type 'System.Int32'.
   at MySqlConnector.Core.Row.GetInt32(Int32 ordinal) in C:\projects\mysqlconnector\src\MySqlConnector\Core\Row.cs:line 223
   at MySql.Data.MySqlClient.MySqlDataReader.GetInt32(Int32 ordinal) in C:\projects\mysqlconnector\src\MySqlConnector\MySql.Data.MySqlClient\MySqlDataReader.cs:line 232
   at lambda_method(Closure , QueryContext , DbDataReader , ResultContext , Int32[] , ResultCoordinator )
   at Microsoft.EntityFrameworkCore.Query.Internal.QueryingEnumerable`1.AsyncEnumerator.MoveNextAsync()
   at Microsoft.EntityFrameworkCore.EntityFrameworkQueryableExtensions.ToListAsync[TSource](IQueryable`1 source, CancellationToken cancellationToken)
   at Microsoft.EntityFrameworkCore.EntityFrameworkQueryableExtensions.ToListAsync[TSource](IQueryable`1 source, CancellationToken cancellationToken)
   at YiSha.Data.EF.MySqlDatabase.FindList[T](Expression`1 condition) in E:\源码\YiShaAdmin\YiShaAdmin\YiSha.Data\YiSha.Data.EF\Database\MySqlDatabase.cs:line 303
   at YiSha.Data.Repository.Repository.FindList[T](Expression`1 condition) in E:\源码\YiShaAdmin\YiShaAdmin\YiSha.Data\YiSha.Data.Repository\Repository.cs:line 144
   at YiSha.Service.SystemManage.DataDictDetailService.GetList(DataDictDetailListParam param) in E:\源码\YiShaAdmin\YiShaAdmin\YiSha.Business\YiSha.Service\SystemManage\DataDictDetailService.cs:line 21
   at YiSha.Business.Cache.DataDictDetailCache.GetList() in E:\源码\YiShaAdmin\YiShaAdmin\YiSha.Business\YiSha.Business.Cache\DataDictDetailCache.cs:line 23
   at YiSha.Business.SystemManage.DataDictBLL.GetDataDictList() in E:\源码\YiShaAdmin\YiShaAdmin\YiSha.Business\YiSha.Business\SystemManage\DataDictBLL.cs:line 67
   at YiSha.Admin.Web.Areas.SystemManage.Controllers.DataDictController.GetDataDictListJson() in E:\源码\YiShaAdmin\YiShaAdmin\YiSha.Web\YiSha.Admin.Web\Areas\SystemManage\Controllers\DataDictController.cs:line 71
   at Microsoft.AspNetCore.Mvc.Infrastructure.ActionMethodExecutor.TaskOfIActionResultExecutor.Execute(IActionResultTypeMapper mapper, ObjectMethodExecutor executor, Object controller, Object[] arguments)
   at Microsoft.AspNetCore.Mvc.Infrastructure.ControllerActionInvoker.<InvokeActionMethodAsync>g__Logged|12_1(ControllerActionInvoker invoker)
   at Microsoft.AspNetCore.Mvc.Infrastructure.ControllerActionInvoker.<InvokeNextActionFilterAsync>g__Awaited|10_0(ControllerActionInvoker invoker, Task lastTask, State next, Scope scope, Object state, Boolean isCompleted)
   at Microsoft.AspNetCore.Mvc.Infrastructure.ControllerActionInvoker.Rethrow(ActionExecutedContextSealed context)
   at Microsoft.AspNetCore.Mvc.Infrastructure.ControllerActionInvoker.Next(State& next, Scope& scope, Object& state, Boolean& isCompleted)
   at Microsoft.AspNetCore.Mvc.Infrastructure.ControllerActionInvoker.<InvokeInnerFilterAsync>g__Awaited|13_0(ControllerActionInvoker invoker, Task lastTask, State next, Scope scope, Object state, Boolean isCompleted)
   at Microsoft.AspNetCore.Mvc.Infrastructure.ResourceInvoker.<InvokeNextExceptionFilterAsync>g__Awaited|25_0(ResourceInvoker invoker, Task lastTask, State next, Scope scope, Object state, Boolean isCompleted)
 |url: http://localhost/SystemManage/DataDict/GetDataDictListJson|action: GetDataDictListJson
2020-12-19 13:14:21.2303||ERROR||Unable to cast object of type 'System.String' to type 'System.Int32'.
   at MySqlConnector.Core.Row.GetInt32(Int32 ordinal) in C:\projects\mysqlconnector\src\MySqlConnector\Core\Row.cs:line 223
   at MySql.Data.MySqlClient.MySqlDataReader.GetInt32(Int32 ordinal) in C:\projects\mysqlconnector\src\MySqlConnector\MySql.Data.MySqlClient\MySqlDataReader.cs:line 232
   at lambda_method(Closure , QueryContext , DbDataReader , ResultContext , Int32[] , ResultCoordinator )
   at Microsoft.EntityFrameworkCore.Query.Internal.QueryingEnumerable`1.AsyncEnumerator.MoveNextAsync()
   at Microsoft.EntityFrameworkCore.EntityFrameworkQueryableExtensions.ToListAsync[TSource](IQueryable`1 source, CancellationToken cancellationToken)
   at Microsoft.EntityFrameworkCore.EntityFrameworkQueryableExtensions.ToListAsync[TSource](IQueryable`1 source, CancellationToken cancellationToken)
   at YiSha.Data.EF.MySqlDatabase.FindList[T](Expression`1 condition) in E:\源码\YiShaAdmin\YiShaAdmin\YiSha.Data\YiSha.Data.EF\Database\MySqlDatabase.cs:line 303
   at YiSha.Data.Repository.Repository.FindList[T](Expression`1 condition) in E:\源码\YiShaAdmin\YiShaAdmin\YiSha.Data\YiSha.Data.Repository\Repository.cs:line 144
   at YiSha.Service.SystemManage.DataDictDetailService.GetList(DataDictDetailListParam param) in E:\源码\YiShaAdmin\YiShaAdmin\YiSha.Business\YiSha.Service\SystemManage\DataDictDetailService.cs:line 21
   at YiSha.Business.Cache.DataDictDetailCache.GetList() in E:\源码\YiShaAdmin\YiShaAdmin\YiSha.Business\YiSha.Business.Cache\DataDictDetailCache.cs:line 23
   at YiSha.Business.SystemManage.DataDictBLL.GetDataDictList() in E:\源码\YiShaAdmin\YiShaAdmin\YiSha.Business\YiSha.Business\SystemManage\DataDictBLL.cs:line 67
   at YiSha.Admin.Web.Areas.SystemManage.Controllers.DataDictController.GetDataDictListJson() in E:\源码\YiShaAdmin\YiShaAdmin\YiSha.Web\YiSha.Admin.Web\Areas\SystemManage\Controllers\DataDictController.cs:line 71
   at Microsoft.AspNetCore.Mvc.Infrastructure.ActionMethodExecutor.TaskOfIActionResultExecutor.Execute(IActionResultTypeMapper mapper, ObjectMethodExecutor executor, Object controller, Object[] arguments)
   at Microsoft.AspNetCore.Mvc.Infrastructure.ControllerActionInvoker.<InvokeActionMethodAsync>g__Logged|12_1(ControllerActionInvoker invoker)
   at Microsoft.AspNetCore.Mvc.Infrastructure.ControllerActionInvoker.<InvokeNextActionFilterAsync>g__Awaited|10_0(ControllerActionInvoker invoker, Task lastTask, State next, Scope scope, Object state, Boolean isCompleted)
   at Microsoft.AspNetCore.Mvc.Infrastructure.ControllerActionInvoker.Rethrow(ActionExecutedContextSealed context)
   at Microsoft.AspNetCore.Mvc.Infrastructure.ControllerActionInvoker.Next(State& next, Scope& scope, Object& state, Boolean& isCompleted)
   at Microsoft.AspNetCore.Mvc.Infrastructure.ControllerActionInvoker.<InvokeInnerFilterAsync>g__Awaited|13_0(ControllerActionInvoker invoker, Task lastTask, State next, Scope scope, Object state, Boolean isCompleted)
   at Microsoft.AspNetCore.Mvc.Infrastructure.ResourceInvoker.<InvokeNextExceptionFilterAsync>g__Awaited|25_0(ResourceInvoker invoker, Task lastTask, State next, Scope scope, Object state, Boolean isCompleted)
 |url: http://localhost/SystemManage/DataDict/GetDataDictListJson|action: GetDataDictListJson
2020-12-19 13:17:59.9446||ERROR||Unable to cast object of type 'System.String' to type 'System.Int32'.
   at MySqlConnector.Core.Row.GetInt32(Int32 ordinal) in C:\projects\mysqlconnector\src\MySqlConnector\Core\Row.cs:line 223
   at MySql.Data.MySqlClient.MySqlDataReader.GetInt32(Int32 ordinal) in C:\projects\mysqlconnector\src\MySqlConnector\MySql.Data.MySqlClient\MySqlDataReader.cs:line 232
   at lambda_method(Closure , QueryContext , DbDataReader , ResultContext , Int32[] , ResultCoordinator )
   at Microsoft.EntityFrameworkCore.Query.Internal.QueryingEnumerable`1.AsyncEnumerator.MoveNextAsync()
   at Microsoft.EntityFrameworkCore.EntityFrameworkQueryableExtensions.ToListAsync[TSource](IQueryable`1 source, CancellationToken cancellationToken)
   at Microsoft.EntityFrameworkCore.EntityFrameworkQueryableExtensions.ToListAsync[TSource](IQueryable`1 source, CancellationToken cancellationToken)
   at YiSha.Data.EF.MySqlDatabase.FindList[T](Expression`1 condition) in E:\源码\YiShaAdmin\YiShaAdmin\YiSha.Data\YiSha.Data.EF\Database\MySqlDatabase.cs:line 303
   at YiSha.Data.Repository.Repository.FindList[T](Expression`1 condition) in E:\源码\YiShaAdmin\YiShaAdmin\YiSha.Data\YiSha.Data.Repository\Repository.cs:line 144
   at YiSha.Service.SystemManage.DataDictDetailService.GetList(DataDictDetailListParam param) in E:\源码\YiShaAdmin\YiShaAdmin\YiSha.Business\YiSha.Service\SystemManage\DataDictDetailService.cs:line 21
   at YiSha.Business.Cache.DataDictDetailCache.GetList() in E:\源码\YiShaAdmin\YiShaAdmin\YiSha.Business\YiSha.Business.Cache\DataDictDetailCache.cs:line 23
   at YiSha.Business.SystemManage.DataDictBLL.GetDataDictList() in E:\源码\YiShaAdmin\YiShaAdmin\YiSha.Business\YiSha.Business\SystemManage\DataDictBLL.cs:line 67
   at YiSha.Admin.Web.Areas.SystemManage.Controllers.DataDictController.GetDataDictListJson() in E:\源码\YiShaAdmin\YiShaAdmin\YiSha.Web\YiSha.Admin.Web\Areas\SystemManage\Controllers\DataDictController.cs:line 71
   at Microsoft.AspNetCore.Mvc.Infrastructure.ActionMethodExecutor.TaskOfIActionResultExecutor.Execute(IActionResultTypeMapper mapper, ObjectMethodExecutor executor, Object controller, Object[] arguments)
   at Microsoft.AspNetCore.Mvc.Infrastructure.ControllerActionInvoker.<InvokeActionMethodAsync>g__Logged|12_1(ControllerActionInvoker invoker)
   at Microsoft.AspNetCore.Mvc.Infrastructure.ControllerActionInvoker.<InvokeNextActionFilterAsync>g__Awaited|10_0(ControllerActionInvoker invoker, Task lastTask, State next, Scope scope, Object state, Boolean isCompleted)
   at Microsoft.AspNetCore.Mvc.Infrastructure.ControllerActionInvoker.Rethrow(ActionExecutedContextSealed context)
   at Microsoft.AspNetCore.Mvc.Infrastructure.ControllerActionInvoker.Next(State& next, Scope& scope, Object& state, Boolean& isCompleted)
   at Microsoft.AspNetCore.Mvc.Infrastructure.ControllerActionInvoker.<InvokeInnerFilterAsync>g__Awaited|13_0(ControllerActionInvoker invoker, Task lastTask, State next, Scope scope, Object state, Boolean isCompleted)
   at Microsoft.AspNetCore.Mvc.Infrastructure.ResourceInvoker.<InvokeNextExceptionFilterAsync>g__Awaited|25_0(ResourceInvoker invoker, Task lastTask, State next, Scope scope, Object state, Boolean isCompleted)
 |url: http://localhost/SystemManage/DataDict/GetDataDictListJson|action: GetDataDictListJson
2020-12-19 13:18:53.0828||ERROR||Unable to cast object of type 'System.String' to type 'System.Int32'.
   at MySqlConnector.Core.Row.GetInt32(Int32 ordinal) in C:\projects\mysqlconnector\src\MySqlConnector\Core\Row.cs:line 223
   at MySql.Data.MySqlClient.MySqlDataReader.GetInt32(Int32 ordinal) in C:\projects\mysqlconnector\src\MySqlConnector\MySql.Data.MySqlClient\MySqlDataReader.cs:line 232
   at lambda_method(Closure , QueryContext , DbDataReader , ResultContext , Int32[] , ResultCoordinator )
   at Microsoft.EntityFrameworkCore.Query.Internal.QueryingEnumerable`1.AsyncEnumerator.MoveNextAsync()
   at Microsoft.EntityFrameworkCore.EntityFrameworkQueryableExtensions.ToListAsync[TSource](IQueryable`1 source, CancellationToken cancellationToken)
   at Microsoft.EntityFrameworkCore.EntityFrameworkQueryableExtensions.ToListAsync[TSource](IQueryable`1 source, CancellationToken cancellationToken)
   at YiSha.Data.EF.MySqlDatabase.FindList[T](IQueryable`1 tempData, String sort, Boolean isAsc, Int32 pageSize, Int32 pageIndex) in E:\源码\YiShaAdmin\YiShaAdmin\YiSha.Data\YiSha.Data.EF\Database\MySqlDatabase.cs:line 358
   at YiSha.Data.EF.MySqlDatabase.FindList[T](Expression`1 condition, String sort, Boolean isAsc, Int32 pageSize, Int32 pageIndex) in E:\源码\YiShaAdmin\YiShaAdmin\YiSha.Data\YiSha.Data.EF\Database\MySqlDatabase.cs:line 325
   at YiSha.Data.Repository.Repository.FindList[T](Expression`1 condition, Pagination pagination) in E:\源码\YiShaAdmin\YiShaAdmin\YiSha.Data\YiSha.Data.Repository\Repository.cs:line 163
   at YiSha.Service.SystemManage.DataDictDetailService.GetPageList(DataDictDetailListParam param, Pagination pagination) in E:\源码\YiShaAdmin\YiShaAdmin\YiSha.Business\YiSha.Service\SystemManage\DataDictDetailService.cs:line 28
   at YiSha.Business.SystemManage.DataDictDetailBLL.GetPageList(DataDictDetailListParam param, Pagination pagination) in E:\源码\YiShaAdmin\YiShaAdmin\YiSha.Business\YiSha.Business\SystemManage\DataDictDetailBLL.cs:line 34
   at YiSha.Admin.Web.Areas.SystemManage.Controllers.DataDictDetailController.GetPageListJson(DataDictDetailListParam param, Pagination pagination) in E:\源码\YiShaAdmin\YiShaAdmin\YiSha.Web\YiSha.Admin.Web\Areas\SystemManage\Controllers\DataDictDetailController.cs:line 48
   at Microsoft.AspNetCore.Mvc.Infrastructure.ActionMethodExecutor.TaskOfIActionResultExecutor.Execute(IActionResultTypeMapper mapper, ObjectMethodExecutor executor, Object controller, Object[] arguments)
   at Microsoft.AspNetCore.Mvc.Infrastructure.ControllerActionInvoker.<InvokeActionMethodAsync>g__Logged|12_1(ControllerActionInvoker invoker)
   at Microsoft.AspNetCore.Mvc.Infrastructure.ControllerActionInvoker.<InvokeNextActionFilterAsync>g__Awaited|10_0(ControllerActionInvoker invoker, Task lastTask, State next, Scope scope, Object state, Boolean isCompleted)
   at Microsoft.AspNetCore.Mvc.Infrastructure.ControllerActionInvoker.Rethrow(ActionExecutedContextSealed context)
   at Microsoft.AspNetCore.Mvc.Infrastructure.ControllerActionInvoker.Next(State& next, Scope& scope, Object& state, Boolean& isCompleted)
   at Microsoft.AspNetCore.Mvc.Infrastructure.ControllerActionInvoker.<InvokeInnerFilterAsync>g__Awaited|13_0(ControllerActionInvoker invoker, Task lastTask, State next, Scope scope, Object state, Boolean isCompleted)
   at Microsoft.AspNetCore.Mvc.Infrastructure.ResourceInvoker.<InvokeNextExceptionFilterAsync>g__Awaited|25_0(ResourceInvoker invoker, Task lastTask, State next, Scope scope, Object state, Boolean isCompleted)
 |url: http://localhost/SystemManage/DataDictDetail/GetPageListJson|action: GetPageListJson
2020-12-19 13:19:38.7684||ERROR||Unable to cast object of type 'System.String' to type 'System.Int32'.
   at MySqlConnector.Core.Row.GetInt32(Int32 ordinal) in C:\projects\mysqlconnector\src\MySqlConnector\Core\Row.cs:line 223
   at MySql.Data.MySqlClient.MySqlDataReader.GetInt32(Int32 ordinal) in C:\projects\mysqlconnector\src\MySqlConnector\MySql.Data.MySqlClient\MySqlDataReader.cs:line 232
   at lambda_method(Closure , QueryContext , DbDataReader , ResultContext , Int32[] , ResultCoordinator )
   at Microsoft.EntityFrameworkCore.Query.Internal.QueryingEnumerable`1.AsyncEnumerator.MoveNextAsync()
   at Microsoft.EntityFrameworkCore.EntityFrameworkQueryableExtensions.ToListAsync[TSource](IQueryable`1 source, CancellationToken cancellationToken)
   at Microsoft.EntityFrameworkCore.EntityFrameworkQueryableExtensions.ToListAsync[TSource](IQueryable`1 source, CancellationToken cancellationToken)
   at YiSha.Data.EF.MySqlDatabase.FindList[T](IQueryable`1 tempData, String sort, Boolean isAsc, Int32 pageSize, Int32 pageIndex) in E:\源码\YiShaAdmin\YiShaAdmin\YiSha.Data\YiSha.Data.EF\Database\MySqlDatabase.cs:line 358
   at YiSha.Data.EF.MySqlDatabase.FindList[T](Expression`1 condition, String sort, Boolean isAsc, Int32 pageSize, Int32 pageIndex) in E:\源码\YiShaAdmin\YiShaAdmin\YiSha.Data\YiSha.Data.EF\Database\MySqlDatabase.cs:line 325
   at YiSha.Data.Repository.Repository.FindList[T](Expression`1 condition, Pagination pagination) in E:\源码\YiShaAdmin\YiShaAdmin\YiSha.Data\YiSha.Data.Repository\Repository.cs:line 163
   at YiSha.Service.SystemManage.DataDictDetailService.GetPageList(DataDictDetailListParam param, Pagination pagination) in E:\源码\YiShaAdmin\YiShaAdmin\YiSha.Business\YiSha.Service\SystemManage\DataDictDetailService.cs:line 28
   at YiSha.Business.SystemManage.DataDictDetailBLL.GetPageList(DataDictDetailListParam param, Pagination pagination) in E:\源码\YiShaAdmin\YiShaAdmin\YiSha.Business\YiSha.Business\SystemManage\DataDictDetailBLL.cs:line 34
   at YiSha.Admin.Web.Areas.SystemManage.Controllers.DataDictDetailController.GetPageListJson(DataDictDetailListParam param, Pagination pagination) in E:\源码\YiShaAdmin\YiShaAdmin\YiSha.Web\YiSha.Admin.Web\Areas\SystemManage\Controllers\DataDictDetailController.cs:line 48
   at Microsoft.AspNetCore.Mvc.Infrastructure.ActionMethodExecutor.TaskOfIActionResultExecutor.Execute(IActionResultTypeMapper mapper, ObjectMethodExecutor executor, Object controller, Object[] arguments)
   at Microsoft.AspNetCore.Mvc.Infrastructure.ControllerActionInvoker.<InvokeActionMethodAsync>g__Logged|12_1(ControllerActionInvoker invoker)
   at Microsoft.AspNetCore.Mvc.Infrastructure.ControllerActionInvoker.<InvokeNextActionFilterAsync>g__Awaited|10_0(ControllerActionInvoker invoker, Task lastTask, State next, Scope scope, Object state, Boolean isCompleted)
   at Microsoft.AspNetCore.Mvc.Infrastructure.ControllerActionInvoker.Rethrow(ActionExecutedContextSealed context)
   at Microsoft.AspNetCore.Mvc.Infrastructure.ControllerActionInvoker.Next(State& next, Scope& scope, Object& state, Boolean& isCompleted)
   at Microsoft.AspNetCore.Mvc.Infrastructure.ControllerActionInvoker.<InvokeInnerFilterAsync>g__Awaited|13_0(ControllerActionInvoker invoker, Task lastTask, State next, Scope scope, Object state, Boolean isCompleted)
   at Microsoft.AspNetCore.Mvc.Infrastructure.ResourceInvoker.<InvokeNextExceptionFilterAsync>g__Awaited|25_0(ResourceInvoker invoker, Task lastTask, State next, Scope scope, Object state, Boolean isCompleted)
 |url: http://localhost/SystemManage/DataDictDetail/GetPageListJson|action: GetPageListJson
2020-12-19 13:24:25.1593||DEBUG||程序启动 |ContentRootPath:E:\源码\YiShaAdmin\YiShaAdmin\YiSha.Web\YiSha.Admin.Web |WebRootPath:E:\源码\YiShaAdmin\YiShaAdmin\YiSha.Web\YiSha.Admin.Web\wwwroot |IsDevelopment:True |url: |action: 
2020-12-19 13:25:01.3130||ERROR||Object reference not set to an instance of an object.
   at YiSha.Util.IpLocationHelper.GetIpNum(String ipAddress) in E:\源码\YiShaAdmin\YiShaAdmin\YiSha.Util\YiSha.Util\IpLocationHelper.cs:line 99
   at YiSha.Util.IpLocationHelper.IsInnerIP(String ipAddress) in E:\源码\YiShaAdmin\YiShaAdmin\YiSha.Util\YiSha.Util\IpLocationHelper.cs:line 75
   at YiSha.Util.IpLocationHelper.GetIpLocation(String ipAddress) in E:\源码\YiShaAdmin\YiShaAdmin\YiSha.Util\YiSha.Util\IpLocationHelper.cs:line 17
 |url: http://localhost/ToolManage/Server/GetServerIpJson|action: GetServerIpJson
2020-12-19 14:13:27.1002||DEBUG||程序启动 |ContentRootPath:E:\源码\YiShaAdmin\YiShaAdmin\YiSha.Web\YiSha.Admin.Web |WebRootPath:E:\源码\YiShaAdmin\YiShaAdmin\YiSha.Web\YiSha.Admin.Web\wwwroot |IsDevelopment:True |url: |action: 
2020-12-19 14:17:02.7548||DEBUG||程序启动 |ContentRootPath:E:\源码\YiShaAdmin\YiShaAdmin\YiSha.Web\YiSha.Admin.Web |WebRootPath:E:\源码\YiShaAdmin\YiShaAdmin\YiSha.Web\YiSha.Admin.Web\wwwroot |IsDevelopment:True |url: |action: 
2020-12-19 14:18:35.8532||ERROR||Cannot deserialize the current JSON array (e.g. [1,2,3]) into type 'YiSha.Admin.Web.Areas.CameraManage.Controllers.Rootobject' because the type requires a JSON object (e.g. {"name":"value"}) to deserialize correctly.
To fix this error either change the JSON to a JSON object (e.g. {"name":"value"}) or change the deserialized type to an array or a type that implements a collection interface (e.g. ICollection, IList) like List<T> that can be deserialized from a JSON array. JsonArrayAttribute can also be added to the type to force it to deserialize from a JSON array.
Path '', line 1, position 1.
   at Newtonsoft.Json.Serialization.JsonSerializerInternalReader.EnsureArrayContract(JsonReader reader, Type objectType, JsonContract contract)
   at Newtonsoft.Json.Serialization.JsonSerializerInternalReader.CreateList(JsonReader reader, Type objectType, JsonContract contract, JsonProperty member, Object existingValue, String id)
   at Newtonsoft.Json.Serialization.JsonSerializerInternalReader.Deserialize(JsonReader reader, Type objectType, Boolean checkAdditionalContent)
   at Newtonsoft.Json.JsonSerializer.DeserializeInternal(JsonReader reader, Type objectType)
   at Newtonsoft.Json.JsonSerializer.Deserialize(JsonReader reader, Type objectType)
   at Newtonsoft.Json.JsonConvert.DeserializeObject(String value, Type type, JsonSerializerSettings settings)
   at Newtonsoft.Json.JsonConvert.DeserializeObject[T](String value, JsonSerializerSettings settings)
   at Newtonsoft.Json.JsonConvert.DeserializeObject[T](String value)
   at YiSha.Admin.Web.Areas.CameraManage.Controllers.STD_Stream_CameraController.GetPushMediaList() in E:\源码\YiShaAdmin\YiShaAdmin\YiSha.Web\YiSha.Admin.Web\Areas\CameraManage\Controllers\STD_Stream_CameraController.cs:line 75
   at Microsoft.AspNetCore.Mvc.Infrastructure.ActionMethodExecutor.TaskOfIActionResultExecutor.Execute(IActionResultTypeMapper mapper, ObjectMethodExecutor executor, Object controller, Object[] arguments)
   at Microsoft.AspNetCore.Mvc.Infrastructure.ControllerActionInvoker.<InvokeActionMethodAsync>g__Logged|12_1(ControllerActionInvoker invoker)
   at Microsoft.AspNetCore.Mvc.Infrastructure.ControllerActionInvoker.<InvokeNextActionFilterAsync>g__Awaited|10_0(ControllerActionInvoker invoker, Task lastTask, State next, Scope scope, Object state, Boolean isCompleted)
   at Microsoft.AspNetCore.Mvc.Infrastructure.ControllerActionInvoker.Rethrow(ActionExecutedContextSealed context)
   at Microsoft.AspNetCore.Mvc.Infrastructure.ControllerActionInvoker.Next(State& next, Scope& scope, Object& state, Boolean& isCompleted)
   at Microsoft.AspNetCore.Mvc.Infrastructure.ControllerActionInvoker.InvokeInnerFilterAsync()
--- End of stack trace from previous location where exception was thrown ---
   at Microsoft.AspNetCore.Mvc.Infrastructure.ResourceInvoker.<InvokeNextExceptionFilterAsync>g__Awaited|25_0(ResourceInvoker invoker, Task lastTask, State next, Scope scope, Object state, Boolean isCompleted)
 |url: http://localhost/CameraManage/STD_Stream_Camera/GetPushMediaList|action: GetPushMediaList
2020-12-19 14:18:50.2843||ERROR||Cannot deserialize the current JSON array (e.g. [1,2,3]) into type 'YiSha.Admin.Web.Areas.CameraManage.Controllers.Rootobject' because the type requires a JSON object (e.g. {"name":"value"}) to deserialize correctly.
To fix this error either change the JSON to a JSON object (e.g. {"name":"value"}) or change the deserialized type to an array or a type that implements a collection interface (e.g. ICollection, IList) like List<T> that can be deserialized from a JSON array. JsonArrayAttribute can also be added to the type to force it to deserialize from a JSON array.
Path '', line 1, position 1.
   at Newtonsoft.Json.Serialization.JsonSerializerInternalReader.EnsureArrayContract(JsonReader reader, Type objectType, JsonContract contract)
   at Newtonsoft.Json.Serialization.JsonSerializerInternalReader.CreateList(JsonReader reader, Type objectType, JsonContract contract, JsonProperty member, Object existingValue, String id)
   at Newtonsoft.Json.Serialization.JsonSerializerInternalReader.Deserialize(JsonReader reader, Type objectType, Boolean checkAdditionalContent)
   at Newtonsoft.Json.JsonSerializer.DeserializeInternal(JsonReader reader, Type objectType)
   at Newtonsoft.Json.JsonSerializer.Deserialize(JsonReader reader, Type objectType)
   at Newtonsoft.Json.JsonConvert.DeserializeObject(String value, Type type, JsonSerializerSettings settings)
   at Newtonsoft.Json.JsonConvert.DeserializeObject[T](String value, JsonSerializerSettings settings)
   at Newtonsoft.Json.JsonConvert.DeserializeObject[T](String value)
   at YiSha.Admin.Web.Areas.CameraManage.Controllers.STD_Stream_CameraController.GetPushMediaList() in E:\源码\YiShaAdmin\YiShaAdmin\YiSha.Web\YiSha.Admin.Web\Areas\CameraManage\Controllers\STD_Stream_CameraController.cs:line 75
   at Microsoft.AspNetCore.Mvc.Infrastructure.ActionMethodExecutor.TaskOfIActionResultExecutor.Execute(IActionResultTypeMapper mapper, ObjectMethodExecutor executor, Object controller, Object[] arguments)
   at Microsoft.AspNetCore.Mvc.Infrastructure.ControllerActionInvoker.<InvokeActionMethodAsync>g__Logged|12_1(ControllerActionInvoker invoker)
   at Microsoft.AspNetCore.Mvc.Infrastructure.ControllerActionInvoker.<InvokeNextActionFilterAsync>g__Awaited|10_0(ControllerActionInvoker invoker, Task lastTask, State next, Scope scope, Object state, Boolean isCompleted)
   at Microsoft.AspNetCore.Mvc.Infrastructure.ControllerActionInvoker.Rethrow(ActionExecutedContextSealed context)
   at Microsoft.AspNetCore.Mvc.Infrastructure.ControllerActionInvoker.Next(State& next, Scope& scope, Object& state, Boolean& isCompleted)
   at Microsoft.AspNetCore.Mvc.Infrastructure.ControllerActionInvoker.InvokeInnerFilterAsync()
--- End of stack trace from previous location where exception was thrown ---
   at Microsoft.AspNetCore.Mvc.Infrastructure.ResourceInvoker.<InvokeNextExceptionFilterAsync>g__Awaited|25_0(ResourceInvoker invoker, Task lastTask, State next, Scope scope, Object state, Boolean isCompleted)
 |url: http://localhost/CameraManage/STD_Stream_Camera/GetPushMediaList|action: GetPushMediaList
2020-12-19 14:19:58.5509||ERROR||Cannot deserialize the current JSON array (e.g. [1,2,3]) into type 'YiSha.Admin.Web.Areas.CameraManage.Controllers.Rootobject' because the type requires a JSON object (e.g. {"name":"value"}) to deserialize correctly.
To fix this error either change the JSON to a JSON object (e.g. {"name":"value"}) or change the deserialized type to an array or a type that implements a collection interface (e.g. ICollection, IList) like List<T> that can be deserialized from a JSON array. JsonArrayAttribute can also be added to the type to force it to deserialize from a JSON array.
Path '', line 1, position 1.
   at Newtonsoft.Json.Serialization.JsonSerializerInternalReader.EnsureArrayContract(JsonReader reader, Type objectType, JsonContract contract)
   at Newtonsoft.Json.Serialization.JsonSerializerInternalReader.CreateList(JsonReader reader, Type objectType, JsonContract contract, JsonProperty member, Object existingValue, String id)
   at Newtonsoft.Json.Serialization.JsonSerializerInternalReader.Deserialize(JsonReader reader, Type objectType, Boolean checkAdditionalContent)
   at Newtonsoft.Json.JsonSerializer.DeserializeInternal(JsonReader reader, Type objectType)
   at Newtonsoft.Json.JsonSerializer.Deserialize(JsonReader reader, Type objectType)
   at Newtonsoft.Json.JsonConvert.DeserializeObject(String value, Type type, JsonSerializerSettings settings)
   at Newtonsoft.Json.JsonConvert.DeserializeObject[T](String value, JsonSerializerSettings settings)
   at Newtonsoft.Json.JsonConvert.DeserializeObject[T](String value)
   at YiSha.Admin.Web.Areas.CameraManage.Controllers.STD_Stream_CameraController.GetPushMediaList() in E:\源码\YiShaAdmin\YiShaAdmin\YiSha.Web\YiSha.Admin.Web\Areas\CameraManage\Controllers\STD_Stream_CameraController.cs:line 75
   at Microsoft.AspNetCore.Mvc.Infrastructure.ActionMethodExecutor.TaskOfIActionResultExecutor.Execute(IActionResultTypeMapper mapper, ObjectMethodExecutor executor, Object controller, Object[] arguments)
   at Microsoft.AspNetCore.Mvc.Infrastructure.ControllerActionInvoker.<InvokeActionMethodAsync>g__Logged|12_1(ControllerActionInvoker invoker)
   at Microsoft.AspNetCore.Mvc.Infrastructure.ControllerActionInvoker.<InvokeNextActionFilterAsync>g__Awaited|10_0(ControllerActionInvoker invoker, Task lastTask, State next, Scope scope, Object state, Boolean isCompleted)
   at Microsoft.AspNetCore.Mvc.Infrastructure.ControllerActionInvoker.Rethrow(ActionExecutedContextSealed context)
   at Microsoft.AspNetCore.Mvc.Infrastructure.ControllerActionInvoker.Next(State& next, Scope& scope, Object& state, Boolean& isCompleted)
   at Microsoft.AspNetCore.Mvc.Infrastructure.ControllerActionInvoker.InvokeInnerFilterAsync()
--- End of stack trace from previous location where exception was thrown ---
   at Microsoft.AspNetCore.Mvc.Infrastructure.ResourceInvoker.<InvokeNextExceptionFilterAsync>g__Awaited|25_0(ResourceInvoker invoker, Task lastTask, State next, Scope scope, Object state, Boolean isCompleted)
 |url: http://localhost/CameraManage/STD_Stream_Camera/GetPushMediaList|action: GetPushMediaList
2020-12-19 14:20:40.5255||ERROR||Cannot deserialize the current JSON array (e.g. [1,2,3]) into type 'YiSha.Admin.Web.Areas.CameraManage.Controllers.Rootobject' because the type requires a JSON object (e.g. {"name":"value"}) to deserialize correctly.
To fix this error either change the JSON to a JSON object (e.g. {"name":"value"}) or change the deserialized type to an array or a type that implements a collection interface (e.g. ICollection, IList) like List<T> that can be deserialized from a JSON array. JsonArrayAttribute can also be added to the type to force it to deserialize from a JSON array.
Path '', line 1, position 1.
   at Newtonsoft.Json.Serialization.JsonSerializerInternalReader.EnsureArrayContract(JsonReader reader, Type objectType, JsonContract contract)
   at Newtonsoft.Json.Serialization.JsonSerializerInternalReader.CreateList(JsonReader reader, Type objectType, JsonContract contract, JsonProperty member, Object existingValue, String id)
   at Newtonsoft.Json.Serialization.JsonSerializerInternalReader.Deserialize(JsonReader reader, Type objectType, Boolean checkAdditionalContent)
   at Newtonsoft.Json.JsonSerializer.DeserializeInternal(JsonReader reader, Type objectType)
   at Newtonsoft.Json.JsonSerializer.Deserialize(JsonReader reader, Type objectType)
   at Newtonsoft.Json.JsonConvert.DeserializeObject(String value, Type type, JsonSerializerSettings settings)
   at Newtonsoft.Json.JsonConvert.DeserializeObject[T](String value, JsonSerializerSettings settings)
   at Newtonsoft.Json.JsonConvert.DeserializeObject[T](String value)
   at YiSha.Admin.Web.Areas.CameraManage.Controllers.STD_Stream_CameraController.GetPushMediaList()
   at Microsoft.AspNetCore.Mvc.Infrastructure.ActionMethodExecutor.TaskOfIActionResultExecutor.Execute(IActionResultTypeMapper mapper, ObjectMethodExecutor executor, Object controller, Object[] arguments)
   at Microsoft.AspNetCore.Mvc.Infrastructure.ControllerActionInvoker.<InvokeActionMethodAsync>g__Logged|12_1(ControllerActionInvoker invoker)
   at Microsoft.AspNetCore.Mvc.Infrastructure.ControllerActionInvoker.<InvokeNextActionFilterAsync>g__Awaited|10_0(ControllerActionInvoker invoker, Task lastTask, State next, Scope scope, Object state, Boolean isCompleted)
   at Microsoft.AspNetCore.Mvc.Infrastructure.ControllerActionInvoker.Rethrow(ActionExecutedContextSealed context)
   at Microsoft.AspNetCore.Mvc.Infrastructure.ControllerActionInvoker.Next(State& next, Scope& scope, Object& state, Boolean& isCompleted)
   at Microsoft.AspNetCore.Mvc.Infrastructure.ControllerActionInvoker.InvokeInnerFilterAsync()
--- End of stack trace from previous location where exception was thrown ---
   at Microsoft.AspNetCore.Mvc.Infrastructure.ResourceInvoker.<InvokeNextExceptionFilterAsync>g__Awaited|25_0(ResourceInvoker invoker, Task lastTask, State next, Scope scope, Object state, Boolean isCompleted)
 |url: http://localhost/CameraManage/STD_Stream_Camera/GetPushMediaList|action: GetPushMediaList
2020-12-19 14:20:49.1895||ERROR||Cannot deserialize the current JSON array (e.g. [1,2,3]) into type 'YiSha.Admin.Web.Areas.CameraManage.Controllers.Rootobject' because the type requires a JSON object (e.g. {"name":"value"}) to deserialize correctly.
To fix this error either change the JSON to a JSON object (e.g. {"name":"value"}) or change the deserialized type to an array or a type that implements a collection interface (e.g. ICollection, IList) like List<T> that can be deserialized from a JSON array. JsonArrayAttribute can also be added to the type to force it to deserialize from a JSON array.
Path '', line 1, position 1.
   at Newtonsoft.Json.Serialization.JsonSerializerInternalReader.EnsureArrayContract(JsonReader reader, Type objectType, JsonContract contract)
   at Newtonsoft.Json.Serialization.JsonSerializerInternalReader.CreateList(JsonReader reader, Type objectType, JsonContract contract, JsonProperty member, Object existingValue, String id)
   at Newtonsoft.Json.Serialization.JsonSerializerInternalReader.Deserialize(JsonReader reader, Type objectType, Boolean checkAdditionalContent)
   at Newtonsoft.Json.JsonSerializer.DeserializeInternal(JsonReader reader, Type objectType)
   at Newtonsoft.Json.JsonSerializer.Deserialize(JsonReader reader, Type objectType)
   at Newtonsoft.Json.JsonConvert.DeserializeObject(String value, Type type, JsonSerializerSettings settings)
   at Newtonsoft.Json.JsonConvert.DeserializeObject[T](String value, JsonSerializerSettings settings)
   at Newtonsoft.Json.JsonConvert.DeserializeObject[T](String value)
   at YiSha.Admin.Web.Areas.CameraManage.Controllers.STD_Stream_CameraController.GetPushMediaList()
   at Microsoft.AspNetCore.Mvc.Infrastructure.ActionMethodExecutor.TaskOfIActionResultExecutor.Execute(IActionResultTypeMapper mapper, ObjectMethodExecutor executor, Object controller, Object[] arguments)
   at Microsoft.AspNetCore.Mvc.Infrastructure.ControllerActionInvoker.<InvokeActionMethodAsync>g__Logged|12_1(ControllerActionInvoker invoker)
   at Microsoft.AspNetCore.Mvc.Infrastructure.ControllerActionInvoker.<InvokeNextActionFilterAsync>g__Awaited|10_0(ControllerActionInvoker invoker, Task lastTask, State next, Scope scope, Object state, Boolean isCompleted)
   at Microsoft.AspNetCore.Mvc.Infrastructure.ControllerActionInvoker.Rethrow(ActionExecutedContextSealed context)
   at Microsoft.AspNetCore.Mvc.Infrastructure.ControllerActionInvoker.Next(State& next, Scope& scope, Object& state, Boolean& isCompleted)
   at Microsoft.AspNetCore.Mvc.Infrastructure.ControllerActionInvoker.InvokeInnerFilterAsync()
--- End of stack trace from previous location where exception was thrown ---
   at Microsoft.AspNetCore.Mvc.Infrastructure.ResourceInvoker.<InvokeNextExceptionFilterAsync>g__Awaited|25_0(ResourceInvoker invoker, Task lastTask, State next, Scope scope, Object state, Boolean isCompleted)
 |url: http://localhost/CameraManage/STD_Stream_Camera/GetPushMediaList|action: GetPushMediaList
2020-12-19 14:20:54.5348||ERROR||Cannot deserialize the current JSON array (e.g. [1,2,3]) into type 'YiSha.Admin.Web.Areas.CameraManage.Controllers.Rootobject' because the type requires a JSON object (e.g. {"name":"value"}) to deserialize correctly.
To fix this error either change the JSON to a JSON object (e.g. {"name":"value"}) or change the deserialized type to an array or a type that implements a collection interface (e.g. ICollection, IList) like List<T> that can be deserialized from a JSON array. JsonArrayAttribute can also be added to the type to force it to deserialize from a JSON array.
Path '', line 1, position 1.
   at Newtonsoft.Json.Serialization.JsonSerializerInternalReader.EnsureArrayContract(JsonReader reader, Type objectType, JsonContract contract)
   at Newtonsoft.Json.Serialization.JsonSerializerInternalReader.CreateList(JsonReader reader, Type objectType, JsonContract contract, JsonProperty member, Object existingValue, String id)
   at Newtonsoft.Json.Serialization.JsonSerializerInternalReader.Deserialize(JsonReader reader, Type objectType, Boolean checkAdditionalContent)
   at Newtonsoft.Json.JsonSerializer.DeserializeInternal(JsonReader reader, Type objectType)
   at Newtonsoft.Json.JsonConvert.DeserializeObject(String value, Type type, JsonSerializerSettings settings)
   at Newtonsoft.Json.JsonConvert.DeserializeObject[T](String value, JsonSerializerSettings settings)
   at YiSha.Admin.Web.Areas.CameraManage.Controllers.STD_Stream_CameraController.GetPushMediaList()
   at Microsoft.AspNetCore.Mvc.Infrastructure.ActionMethodExecutor.TaskOfIActionResultExecutor.Execute(IActionResultTypeMapper mapper, ObjectMethodExecutor executor, Object controller, Object[] arguments)
   at Microsoft.AspNetCore.Mvc.Infrastructure.ControllerActionInvoker.<InvokeActionMethodAsync>g__Logged|12_1(ControllerActionInvoker invoker)
   at Microsoft.AspNetCore.Mvc.Infrastructure.ControllerActionInvoker.<InvokeNextActionFilterAsync>g__Awaited|10_0(ControllerActionInvoker invoker, Task lastTask, State next, Scope scope, Object state, Boolean isCompleted)
   at Microsoft.AspNetCore.Mvc.Infrastructure.ControllerActionInvoker.Rethrow(ActionExecutedContextSealed context)
   at Microsoft.AspNetCore.Mvc.Infrastructure.ControllerActionInvoker.Next(State& next, Scope& scope, Object& state, Boolean& isCompleted)
   at Microsoft.AspNetCore.Mvc.Infrastructure.ControllerActionInvoker.InvokeInnerFilterAsync()
--- End of stack trace from previous location where exception was thrown ---
   at Microsoft.AspNetCore.Mvc.Infrastructure.ResourceInvoker.<InvokeNextExceptionFilterAsync>g__Awaited|25_0(ResourceInvoker invoker, Task lastTask, State next, Scope scope, Object state, Boolean isCompleted)
 |url: http://localhost/CameraManage/STD_Stream_Camera/GetPushMediaList|action: GetPushMediaList
2020-12-19 14:23:36.8250||DEBUG||程序启动 |ContentRootPath:E:\源码\YiShaAdmin\YiShaAdmin\YiSha.Web\YiSha.Admin.Web |WebRootPath:E:\源码\YiShaAdmin\YiShaAdmin\YiSha.Web\YiSha.Admin.Web\wwwroot |IsDevelopment:True |url: |action: 
2020-12-19 14:27:17.7689||DEBUG||程序启动 |ContentRootPath:E:\源码\YiShaAdmin\YiShaAdmin\YiSha.Web\YiSha.Admin.Web |WebRootPath:E:\源码\YiShaAdmin\YiShaAdmin\YiSha.Web\YiSha.Admin.Web\wwwroot |IsDevelopment:True |url: |action: 
2020-12-19 14:39:22.1308||DEBUG||程序启动 |ContentRootPath:E:\源码\YiShaAdmin\YiShaAdmin\YiSha.Web\YiSha.Admin.Web |WebRootPath:E:\源码\YiShaAdmin\YiShaAdmin\YiSha.Web\YiSha.Admin.Web\wwwroot |IsDevelopment:True |url: |action: 
2020-12-19 14:54:52.5074||DEBUG||程序启动 |ContentRootPath:E:\源码\YiShaAdmin\YiShaAdmin\YiSha.Web\YiSha.Admin.Web |WebRootPath:E:\源码\YiShaAdmin\YiShaAdmin\YiSha.Web\YiSha.Admin.Web\wwwroot |IsDevelopment:True |url: |action: 
2020-12-19 14:56:33.9448||DEBUG||程序启动 |ContentRootPath:E:\源码\YiShaAdmin\YiShaAdmin\YiSha.Web\YiSha.Admin.Web |WebRootPath:E:\源码\YiShaAdmin\YiShaAdmin\YiSha.Web\YiSha.Admin.Web\wwwroot |IsDevelopment:True |url: |action: 
2020-12-19 15:01:23.1586||DEBUG||程序启动 |ContentRootPath:E:\源码\YiShaAdmin\YiShaAdmin\YiSha.Web\YiSha.Admin.Web |WebRootPath:E:\源码\YiShaAdmin\YiShaAdmin\YiSha.Web\YiSha.Admin.Web\wwwroot |IsDevelopment:True |url: |action: 
2020-12-19 15:10:11.3230||ERROR||Object reference not set to an instance of an object.
   at YiSha.Util.IpLocationHelper.GetIpNum(String ipAddress) in E:\源码\YiShaAdmin\YiShaAdmin\YiSha.Util\YiSha.Util\IpLocationHelper.cs:line 99
   at YiSha.Util.IpLocationHelper.IsInnerIP(String ipAddress) in E:\源码\YiShaAdmin\YiShaAdmin\YiSha.Util\YiSha.Util\IpLocationHelper.cs:line 75
   at YiSha.Util.IpLocationHelper.GetIpLocation(String ipAddress) in E:\源码\YiShaAdmin\YiShaAdmin\YiSha.Util\YiSha.Util\IpLocationHelper.cs:line 17
 |url: http://localhost/ToolManage/Server/GetServerIpJson|action: GetServerIpJson
2020-12-19 15:11:48.4099||ERROR||Object reference not set to an instance of an object.
   at YiSha.Util.IpLocationHelper.GetIpNum(String ipAddress) in E:\源码\YiShaAdmin\YiShaAdmin\YiSha.Util\YiSha.Util\IpLocationHelper.cs:line 99
   at YiSha.Util.IpLocationHelper.IsInnerIP(String ipAddress) in E:\源码\YiShaAdmin\YiShaAdmin\YiSha.Util\YiSha.Util\IpLocationHelper.cs:line 75
   at YiSha.Util.IpLocationHelper.GetIpLocation(String ipAddress) in E:\源码\YiShaAdmin\YiShaAdmin\YiSha.Util\YiSha.Util\IpLocationHelper.cs:line 17
 |url: http://localhost/ToolManage/Server/GetServerIpJson|action: GetServerIpJson
2020-12-19 15:13:42.6869||ERROR||Object reference not set to an instance of an object.
   at YiSha.Util.IpLocationHelper.GetIpNum(String ipAddress) in E:\源码\YiShaAdmin\YiShaAdmin\YiSha.Util\YiSha.Util\IpLocationHelper.cs:line 99
   at YiSha.Util.IpLocationHelper.IsInnerIP(String ipAddress) in E:\源码\YiShaAdmin\YiShaAdmin\YiSha.Util\YiSha.Util\IpLocationHelper.cs:line 75
   at YiSha.Util.IpLocationHelper.GetIpLocation(String ipAddress) in E:\源码\YiShaAdmin\YiShaAdmin\YiSha.Util\YiSha.Util\IpLocationHelper.cs:line 17
 |url: http://localhost/ToolManage/Server/GetServerIpJson|action: GetServerIpJson
2020-12-19 15:14:57.2495||ERROR||Object reference not set to an instance of an object.
   at YiSha.Util.IpLocationHelper.GetIpNum(String ipAddress) in E:\源码\YiShaAdmin\YiShaAdmin\YiSha.Util\YiSha.Util\IpLocationHelper.cs:line 99
   at YiSha.Util.IpLocationHelper.IsInnerIP(String ipAddress) in E:\源码\YiShaAdmin\YiShaAdmin\YiSha.Util\YiSha.Util\IpLocationHelper.cs:line 75
   at YiSha.Util.IpLocationHelper.GetIpLocation(String ipAddress) in E:\源码\YiShaAdmin\YiShaAdmin\YiSha.Util\YiSha.Util\IpLocationHelper.cs:line 17
 |url: http://localhost/ToolManage/Server/GetServerIpJson|action: GetServerIpJson
2020-12-19 15:15:06.6443||ERROR||Object reference not set to an instance of an object.
   at YiSha.Util.IpLocationHelper.GetIpNum(String ipAddress) in E:\源码\YiShaAdmin\YiShaAdmin\YiSha.Util\YiSha.Util\IpLocationHelper.cs:line 99
   at YiSha.Util.IpLocationHelper.IsInnerIP(String ipAddress) in E:\源码\YiShaAdmin\YiShaAdmin\YiSha.Util\YiSha.Util\IpLocationHelper.cs:line 75
   at YiSha.Util.IpLocationHelper.GetIpLocation(String ipAddress) in E:\源码\YiShaAdmin\YiShaAdmin\YiSha.Util\YiSha.Util\IpLocationHelper.cs:line 17
 |url: http://localhost/ToolManage/Server/GetServerIpJson|action: GetServerIpJson
2020-12-19 15:16:14.7872||ERROR||Object reference not set to an instance of an object.
   at YiSha.Util.IpLocationHelper.IsInnerIP(String ipAddress)
   at YiSha.Util.IpLocationHelper.GetIpLocation(String ipAddress)
 |url: http://localhost/ToolManage/Server/GetServerIpJson|action: GetServerIpJson
2020-12-19 15:16:40.0561||ERROR||Object reference not set to an instance of an object.
   at YiSha.Util.IpLocationHelper.IsInnerIP(String ipAddress)
   at YiSha.Util.IpLocationHelper.GetIpLocation(String ipAddress)
 |url: http://localhost/ToolManage/Server/GetServerIpJson|action: GetServerIpJson
2020-12-19 15:18:15.9508||ERROR||Object reference not set to an instance of an object.
   at YiSha.Util.IpLocationHelper.GetIpNum(String ipAddress)
   at YiSha.Util.IpLocationHelper.IsInnerIP(String ipAddress)
   at YiSha.Util.IpLocationHelper.GetIpLocation(String ipAddress)
 |url: http://localhost/ToolManage/Server/GetServerIpJson|action: GetServerIpJson
